[debug] [2024-01-11T22:48:32.919Z] ----------------------------------------------------------------------
[debug] [2024-01-11T22:48:32.920Z] Command:       /usr/local/bin/node /usr/local/bin/firebase deploy
[debug] [2024-01-11T22:48:32.920Z] CLI Version:   13.0.3
[debug] [2024-01-11T22:48:32.920Z] Platform:      darwin
[debug] [2024-01-11T22:48:32.920Z] Node Version:  v18.15.0
[debug] [2024-01-11T22:48:32.923Z] Time:          Thu Jan 11 2024 22:48:32 GMT+0000 (Western European Standard Time)
[debug] [2024-01-11T22:48:32.923Z] ----------------------------------------------------------------------
[debug] 
[debug] [2024-01-11T22:48:32.953Z] > command requires scopes: ["email","openid","https://www.googleapis.com/auth/cloudplatformprojects.readonly","https://www.googleapis.com/auth/firebase","https://www.googleapis.com/auth/cloud-platform"]
[debug] [2024-01-11T22:48:32.954Z] > authorizing via signed-in user (anapaulalopes12@gmail.com)
[debug] [2024-01-11T22:48:32.954Z] [iam] checking project blocktech-a0323 for permissions ["firebase.projects.get","firebasehosting.sites.update"]
[debug] [2024-01-11T22:48:32.954Z] > refreshing access token with scopes: []
[debug] [2024-01-11T22:48:32.955Z] >>> [apiv2][query] POST https://www.googleapis.com/oauth2/v3/token [none]
[debug] [2024-01-11T22:48:32.955Z] >>> [apiv2][body] POST https://www.googleapis.com/oauth2/v3/token [omitted]
[debug] [2024-01-11T22:48:33.123Z] <<< [apiv2][status] POST https://www.googleapis.com/oauth2/v3/token 200
[debug] [2024-01-11T22:48:33.124Z] <<< [apiv2][body] POST https://www.googleapis.com/oauth2/v3/token [omitted]
[debug] [2024-01-11T22:48:33.132Z] >>> [apiv2][query] POST https://cloudresourcemanager.googleapis.com/v1/projects/blocktech-a0323:testIamPermissions [none]
[debug] [2024-01-11T22:48:33.132Z] >>> [apiv2][(partial)header] POST https://cloudresourcemanager.googleapis.com/v1/projects/blocktech-a0323:testIamPermissions x-goog-quota-user=projects/blocktech-a0323
[debug] [2024-01-11T22:48:33.132Z] >>> [apiv2][body] POST https://cloudresourcemanager.googleapis.com/v1/projects/blocktech-a0323:testIamPermissions {"permissions":["firebase.projects.get","firebasehosting.sites.update"]}
[debug] [2024-01-11T22:48:33.913Z] <<< [apiv2][status] POST https://cloudresourcemanager.googleapis.com/v1/projects/blocktech-a0323:testIamPermissions 200
[debug] [2024-01-11T22:48:33.913Z] <<< [apiv2][body] POST https://cloudresourcemanager.googleapis.com/v1/projects/blocktech-a0323:testIamPermissions {"permissions":["firebase.projects.get","firebasehosting.sites.update"]}
[debug] [2024-01-11T22:48:33.915Z] >>> [apiv2][query] GET https://firebase.googleapis.com/v1beta1/projects/blocktech-a0323 [none]
[debug] [2024-01-11T22:48:34.257Z] <<< [apiv2][status] GET https://firebase.googleapis.com/v1beta1/projects/blocktech-a0323 200
[debug] [2024-01-11T22:48:34.258Z] <<< [apiv2][body] GET https://firebase.googleapis.com/v1beta1/projects/blocktech-a0323 {"projectId":"blocktech-a0323","projectNumber":"199642480203","displayName":"blocktech","name":"projects/blocktech-a0323","resources":{"hostingSite":"blocktech-a0323"},"state":"ACTIVE","etag":"1_cdbdc38b-dd42-47da-a956-ae8084bdb058"}
[debug] [2024-01-11T22:48:35.681Z] >>> [apiv2][query] GET https://firebasehosting.googleapis.com/v1beta1/projects/blocktech-a0323/sites pageToken=&pageSize=10
[debug] [2024-01-11T22:48:36.894Z] <<< [apiv2][status] GET https://firebasehosting.googleapis.com/v1beta1/projects/blocktech-a0323/sites 200
[debug] [2024-01-11T22:48:36.894Z] <<< [apiv2][body] GET https://firebasehosting.googleapis.com/v1beta1/projects/blocktech-a0323/sites {"sites":[{"name":"projects/blocktech-a0323/sites/blocktech-a0323","defaultUrl":"https://blocktech-a0323.web.app","appId":"1:199642480203:web:5587265b4a543c923197ce","type":"DEFAULT_SITE"}]}
[debug] [2024-01-11T22:48:36.895Z] >>> [apiv2][query] GET https://firebase.googleapis.com/v1beta1/projects/-/webApps/1:199642480203:web:5587265b4a543c923197ce/config [none]
[debug] [2024-01-11T22:48:37.617Z] <<< [apiv2][status] GET https://firebase.googleapis.com/v1beta1/projects/-/webApps/1:199642480203:web:5587265b4a543c923197ce/config 200
[debug] [2024-01-11T22:48:37.617Z] <<< [apiv2][body] GET https://firebase.googleapis.com/v1beta1/projects/-/webApps/1:199642480203:web:5587265b4a543c923197ce/config {"projectId":"blocktech-a0323","appId":"1:199642480203:web:5587265b4a543c923197ce","storageBucket":"blocktech-a0323.appspot.com","apiKey":"AIzaSyBHCMd5xcFugzuGq9VnPmhgObw--9uEtro","authDomain":"blocktech-a0323.firebaseapp.com","messagingSenderId":"199642480203","measurementId":"G-YYCGL2VD5R"}
[info] 
   Thank you for trying our early preview of Angular support on Firebase Hosting.
   During the preview, support is best-effort and breaking changes can be expected. Proceed with caution.

   Documentation: https://firebase.google.com/docs/hosting/frameworks/angular
   File a bug: https://github.com/firebase/firebase-tools/issues/new?template=bug_report.md
   Submit a feature request: https://github.com/firebase/firebase-tools/issues/new?template=feature_request.md

   We'd love to learn from you. Express your interest in helping us shape the future of Firebase Hosting: https://goo.gle/41enW5X

